<?xml version="1.0" encoding="UTF-8"?>
<!-- Generated by org.testng.reporters.JUnitReportReporter -->
<testsuite hostname="LAPTOP-0S35IHI2" failures="0" tests="1" name="com.Zomato.testcases.LoginTestcase_001" time="4.005" errors="0" timestamp="2023-10-23T06:12:38 IST" skipped="0">
  <testcase classname="com.Zomato.testcases.LoginTestcase_001" name="linktext" time="4.005"/>
</testsuite> <!-- com.Zomato.testcases.LoginTestcase_001 -->
