<?xml version="1.0" encoding="UTF-8"?>
<!-- Generated by org.testng.reporters.JUnitReportReporter -->
<testsuite hostname="LAPTOP-0S35IHI2" failures="0" tests="1" name="com.Zomato.testcases.Readdata" time="2.856" errors="0" timestamp="2023-11-01T22:33:42 IST" skipped="0">
  <testcase classname="com.Zomato.testcases.Readdata" name="readdata" time="2.856"/>
</testsuite> <!-- com.Zomato.testcases.Readdata -->
